#
# A fatal error has been detected by the Java Runtime Environment:
#
#  SIGSEGV (0xb) at pc=0x0000000104642af9, pid=26096, tid=17923
#
# JRE version: Java(TM) SE Runtime Environment (9.0+11) (build 9.0.1+11)
# Java VM: Java HotSpot(TM) 64-Bit Server VM (9.0.1+11, mixed mode, tiered, compressed oops, g1 gc, bsd-amd64)
# Problematic frame:
# V  [libjvm.dylib+0x683af9]  SignatureIterator::expect(char)+0x11
#
# No core dump will be written. Core dumps have been disabled. To enable core dumping, try "ulimit -c unlimited" before starting Java again
#
# If you would like to submit a bug report, please visit:
#   http://bugreport.java.com/bugreport/crash.jsp
#

---------------  S U M M A R Y ------------

Command Line: -agentlib:jdwp=transport=dt_socket,address=127.0.0.1:54826,suspend=y,server=n -ea -Didea.test.cyclic.buffer.size=1048576 -Dfile.encoding=UTF-8 com.intellij.rt.execution.junit.JUnitStarter -ideVersion5 -junit4 Test.TestMath_exhauxtivo.test_Math_exhauxtivo,test

Host: MacBookPro14,1 x86_64 2500 MHz, 4 cores, 8G, Darwin 17.4.0
Time: Sun Mar 25 19:31:56 2018 CEST elapsed time: 352 seconds (0d 0h 5m 52s)

---------------  T H R E A D  ---------------

Current thread (0x00007fbb23816800):  VMThread "VM Thread" [stack: 0x00007000108f3000,0x00007000109f3000] [id=17923]

Stack: [0x00007000108f3000,0x00007000109f3000],  sp=0x00007000109f21b0,  free space=1020k
Native frames: (J=compiled Java code, A=aot compiled Java code, j=interpreted, Vv=VM code, C=native code)
V  [libjvm.dylib+0x683af9]  SignatureIterator::expect(char)+0x11
V  [libjvm.dylib+0x684073]  SignatureIterator::iterate_returntype()+0x1f
V  [libjvm.dylib+0x35112b]  GenerateOopMap::do_method(int, int, int, int)+0x7d
V  [libjvm.dylib+0x34fa09]  GenerateOopMap::interp_bb(BasicBlock*)+0x105
V  [libjvm.dylib+0x34f71f]  GenerateOopMap::interp_all()+0x53
V  [libjvm.dylib+0x34f405]  GenerateOopMap::do_interpretation()+0x4b
V  [libjvm.dylib+0x351947]  GenerateOopMap::compute_map(Thread*)+0x16b
V  [libjvm.dylib+0x5e7eb8]  OopMapForCacheEntry::compute_map(Thread*)+0x60
V  [libjvm.dylib+0x5e861c]  OopMapCacheEntry::fill(methodHandle, int)+0xe0
V  [libjvm.dylib+0x5e8ceb]  OopMapCache::compute_one_oop_map(methodHandle const&, int, InterpreterOopMap*)+0x12b
V  [libjvm.dylib+0x5e8b17]  OopMapCache::lookup(methodHandle const&, int, InterpreterOopMap*) const+0xa3
V  [libjvm.dylib+0x5b1e67]  Method::mask_for(int, InterpreterOopMap*)+0x61
V  [libjvm.dylib+0x4a6731]  VM_GetOrSetLocal::doit()+0x49
V  [libjvm.dylib+0x746727]  VM_Operation::evaluate()+0x8d
V  [libjvm.dylib+0x745d9c]  VMThread::evaluate_operation(VM_Operation*)+0xda
V  [libjvm.dylib+0x745a8e]  VMThread::loop()+0x2f6
V  [libjvm.dylib+0x7456b9]  VMThread::run()+0x75
V  [libjvm.dylib+0x5ef563]  thread_native_entry(Thread*)+0x12b
C  [libsystem_pthread.dylib+0x36c1]  _pthread_body+0x154
C  [libsystem_pthread.dylib+0x356d]  _pthread_body+0x0
C  [libsystem_pthread.dylib+0x2c5d]  thread_start+0xd


siginfo: si_signo: 11 (SIGSEGV), si_code: 1 (SEGV_MAPERR), si_addr: 0x000000000058005d

Register to memory mapping:

RAX=0x0000000000000000 is an unknown value
RBX=0x00007000109f2200 is an unknown value
RCX=0x0000000000580057 is an unknown value
RDX=0x0000000000000000 is an unknown value
RSP=0x00007000109f21b0 is an unknown value
RBP=0x00007000109f21c0 is an unknown value
RSI=0x0000000000000028 is an unknown value
RDI=0x00007000109f2200 is an unknown value
R8 =0x0000000000000072 is an unknown value
R9 =0x000000008fffffff is an unknown value
R10=0x0000000000000006 is an unknown value
R11=0xfffffffffffffed0 is an unknown value
R12=0x00007000109f2200 is an unknown value
R13=0x00007000109f2858 is an unknown value
R14=0x0000000000000001 is an unknown value
R15=0x0000000000000072 is an unknown value


Registers:
RAX=0x0000000000000000, RBX=0x00007000109f2200, RCX=0x0000000000580057, RDX=0x0000000000000000
RSP=0x00007000109f21b0, RBP=0x00007000109f21c0, RSI=0x0000000000000028, RDI=0x00007000109f2200
R8 =0x0000000000000072, R9 =0x000000008fffffff, R10=0x0000000000000006, R11=0xfffffffffffffed0
R12=0x00007000109f2200, R13=0x00007000109f2858, R14=0x0000000000000001, R15=0x0000000000000072
RIP=0x0000000104642af9, EFLAGS=0x0000000000010206, ERR=0x0000000000000004
  TRAPNO=0x000000000000000e

Top of Stack: (sp=0x00007000109f21b0)
0x00007000109f21b0:   00007000109f2640 00007000109f2200
0x00007000109f21c0:   00007000109f21f0 0000000104643073
0x00007000109f21d0:   00007000109f2858 00007000109f2200
0x00007000109f21e0:   0000000000000001 0000000000000072
0x00007000109f21f0:   00007000109f2680 000000010431012b
0x00007000109f2200:   00000001048a9bf0 0000000000580057
0x00007000109f2210:   0000000000000000 00007fbb0000000d
0x00007000109f2220:   00007000109f2640 00007fff00000000
0x00007000109f2230:   2fffffff4fffffff 000070004fffffff
0x00007000109f2240:   4fffffff4fffffff 000000004fffffff
0x00007000109f2250:   0000000104775ed8 0000000000000000
0x00007000109f2260:   000000000000004b 00007fff54720a10
0x00007000109f2270:   00007000109f2600 00007fff54720927
0x00007000109f2280:   00007000109f22b0 0000000104642ce9
0x00007000109f2290:   00007000109f22c0 0000000104642d82
0x00007000109f22a0:   000000000000005b 00007000109f22f0
0x00007000109f22b0:   0000000000000029 00007000109f22f0
0x00007000109f22c0:   000070004600005f 000000014fffffff
0x00007000109f22d0:   00007000109f231c 000000004fffffff
0x00007000109f22e0:   00007000109f2770 0000000104310213
0x00007000109f22f0:   00000001048a9bf0 00007fbb2375e3f0
0x00007000109f2300:   0000000000000006 000000000000000e
0x00007000109f2310:   00007000109f2320 0000000000000002
0x00007000109f2320:   4fffffff4fffffff 000000004fffffff
0x00007000109f2330:   000000000000004b 000000014fffffff
0x00007000109f2340:   00007000109f238c 0000000000000000
0x00007000109f2350:   00007000109f27e0 0000000000000000
0x00007000109f2360:   0000000000000000 0000000000000001
0x00007000109f2370:   0000000000000000 00007000109f2708
0x00007000109f2380:   00007000109f2390 0000000000000000
0x00007000109f2390:   0000000104775ece 0000000000000008
0x00007000109f23a0:   00007000109f23f0 00007fff54716aa7 

Instructions: (pc=0x0000000104642af9)
0x0000000104642ad9:   07 48 89 77 08 c7 47 14 00 00 00 00 5d c3 90 55
0x0000000104642ae9:   48 89 e5 53 50 48 89 fb 48 8b 4b 08 48 63 43 10
0x0000000104642af9:   0f b6 4c 01 06 40 0f b6 d6 39 d1 74 26 40 0f be
0x0000000104642b09:   ce 48 8d 3d d9 d2 14 00 48 8d 15 d7 d3 14 00 be 

VM_Operation (0x00007000113909e8): GetOrSetLocal, mode: safepoint, requested by thread 0x00007fbb23822000


---------------  P R O C E S S  ---------------

Java Threads: ( => current thread )
  0x00007fbb24811800 JavaThread "Service Thread" daemon [_thread_blocked, id=23299, stack(0x000070001159a000,0x000070001169a000)]
  0x00007fbb25012000 JavaThread "JDWP Command Reader" daemon [_thread_in_native, id=40451, stack(0x0000700011497000,0x0000700011597000)]
  0x00007fbb250c9000 JavaThread "JDWP Event Helper Thread" daemon [_thread_blocked, id=22531, stack(0x0000700011394000,0x0000700011494000)]
  0x00007fbb23822000 JavaThread "JDWP Transport Listener: dt_socket" daemon [_thread_blocked, id=22279, stack(0x0000700011291000,0x0000700011391000)]
  0x00007fbb23820000 JavaThread "Common-Cleaner" daemon [_thread_blocked, id=41219, stack(0x000070001118e000,0x000070001128e000)]
  0x00007fbb2480c800 JavaThread "Sweeper thread" daemon [_thread_blocked, id=41731, stack(0x000070001108b000,0x000070001118b000)]
  0x00007fbb250b0000 JavaThread "C1 CompilerThread2" daemon [_thread_blocked, id=42243, stack(0x0000700010f88000,0x0000700011088000)]
  0x00007fbb2480b800 JavaThread "C2 CompilerThread1" daemon [_thread_blocked, id=42499, stack(0x0000700010e85000,0x0000700010f85000)]
  0x00007fbb2404a800 JavaThread "C2 CompilerThread0" daemon [_thread_blocked, id=43011, stack(0x0000700010d82000,0x0000700010e82000)]
  0x00007fbb24804000 JavaThread "Signal Dispatcher" daemon [_thread_blocked, id=21763, stack(0x0000700010c7f000,0x0000700010d7f000)]
  0x00007fbb23828800 JavaThread "Finalizer" daemon [_thread_blocked, id=13827, stack(0x0000700010af9000,0x0000700010bf9000)]
  0x00007fbb24048800 JavaThread "Reference Handler" daemon [_thread_blocked, id=13571, stack(0x00007000109f6000,0x0000700010af6000)]
  0x00007fbb23803000 JavaThread "main" [_thread_blocked, id=9987, stack(0x000070000fccf000,0x000070000fdcf000)]

Other Threads:
=>0x00007fbb23816800 VMThread "VM Thread" [stack: 0x00007000108f3000,0x00007000109f3000] [id=17923]
  0x00007fbb2383a000 WatcherThread [stack: 0x000070001169d000,0x000070001179d000] [id=40195]
  0x00007fbb23804000 GCTaskThread "GC Thread#0" [stack: 0x000070000fdd2000,0x000070000fed2000] [id=10755]
  0x00007fbb24017000 GCTaskThread "GC Thread#1" [stack: 0x000070000fed5000,0x000070000ffd5000] [id=21507]
  0x00007fbb24017800 GCTaskThread "GC Thread#2" [stack: 0x000070000ffd8000,0x00007000100d8000] [id=20995]
  0x00007fbb24018800 GCTaskThread "GC Thread#3" [stack: 0x00007000100db000,0x00007000101db000] [id=20483]
  0x00007fbb2402d000 ConcurrentGCThread "G1 Main Marker" [stack: 0x00007000106ed000,0x00007000107ed000] [id=18435]
  0x00007fbb23813800 ConcurrentGCThread "G1 Marker#0" [stack: 0x00007000107f0000,0x00007000108f0000] [id=12803]
  0x00007fbb25016800 ConcurrentGCThread "G1 Refine#0" [stack: 0x00007000104e7000,0x00007000105e7000] [id=12035]
  0x00007fbb25016000 ConcurrentGCThread "G1 Refine#1" [stack: 0x00007000103e4000,0x00007000104e4000] [id=19715]
  0x00007fbb25015000 ConcurrentGCThread "G1 Refine#2" [stack: 0x00007000102e1000,0x00007000103e1000] [id=11523]
  0x00007fbb25014800 ConcurrentGCThread "G1 Refine#3" [stack: 0x00007000101de000,0x00007000102de000] [id=19971]
  0x00007fbb25017800 ConcurrentGCThread "G1 Young RemSet Sampling" [stack: 0x00007000105ea000,0x00007000106ea000] [id=18947]

Threads with active compile tasks:

VM state:at safepoint (normal execution)

VM Mutex/Monitor currently owned by a thread:  ([mutex/lock_event])
[0x00007fbb237028d0] Threads_lock - owner thread: 0x00007fbb23816800

Heap address: 0x0000000740000000, size: 2048 MB, Compressed Oops mode: Zero based, Oop shift amount: 3
Narrow klass base: 0x0000000000000000, Narrow klass shift: 3
Compressed class space size: 1073741824 Address: 0x00000007c0000000

Heap:
 garbage-first heap   total 131072K, used 5120K [0x0000000740000000, 0x0000000740100400, 0x00000007c0000000)
  region size 1024K, 6 young (6144K), 0 survivors (0K)
 Metaspace       used 8379K, capacity 8624K, committed 8832K, reserved 1056768K
  class space    used 798K, capacity 873K, committed 896K, reserved 1048576K
Heap Regions: E=young(eden), S=young(survivor), O=old, HS=humongous(starts), HC=humongous(continues), CS=collection set, F=free, A=archive, TS=gc time stamp, AC=allocation context, TAMS=top-at-mark-start (previous, next)
|   0|0x0000000740000000, 0x0000000740000000, 0x0000000740100000|  0%| F|  |TS  0|AC  0|TAMS 0x0000000740000000, 0x0000000740000000|
|   1|0x0000000740100000, 0x0000000740100000, 0x0000000740200000|  0%| F|  |TS  0|AC  0|TAMS 0x0000000740100000, 0x0000000740100000|
|   2|0x0000000740200000, 0x0000000740200000, 0x0000000740300000|  0%| F|  |TS  0|AC  0|TAMS 0x0000000740200000, 0x0000000740200000|
|   3|0x0000000740300000, 0x0000000740300000, 0x0000000740400000|  0%| F|  |TS  0|AC  0|TAMS 0x0000000740300000, 0x0000000740300000|
|   4|0x0000000740400000, 0x0000000740400000, 0x0000000740500000|  0%| F|  |TS  0|AC  0|TAMS 0x0000000740400000, 0x0000000740400000|
|   5|0x0000000740500000, 0x0000000740500000, 0x0000000740600000|  0%| F|  |TS  0|AC  0|TAMS 0x0000000740500000, 0x0000000740500000|
|   6|0x0000000740600000, 0x0000000740600000, 0x0000000740700000|  0%| F|  |TS  0|AC  0|TAMS 0x0000000740600000, 0x0000000740600000|
|   7|0x0000000740700000, 0x0000000740700000, 0x0000000740800000|  0%| F|  |TS  0|AC  0|TAMS 0x0000000740700000, 0x0000000740700000|
|   8|0x0000000740800000, 0x0000000740800000, 0x0000000740900000|  0%| F|  |TS  0|AC  0|TAMS 0x0000000740800000, 0x0000000740800000|
|   9|0x0000000740900000, 0x0000000740900000, 0x0000000740a00000|  0%| F|  |TS  0|AC  0|TAMS 0x0000000740900000, 0x0000000740900000|
|  10|0x0000000740a00000, 0x0000000740a00000, 0x0000000740b00000|  0%| F|  |TS  0|AC  0|TAMS 0x0000000740a00000, 0x0000000740a00000|
|  11|0x0000000740b00000, 0x0000000740b00000, 0x0000000740c00000|  0%| F|  |TS  0|AC  0|TAMS 0x0000000740b00000, 0x0000000740b00000|
|  12|0x0000000740c00000, 0x0000000740c00000, 0x0000000740d00000|  0%| F|  |TS  0|AC  0|TAMS 0x0000000740c00000, 0x0000000740c00000|
|  13|0x0000000740d00000, 0x0000000740d00000, 0x0000000740e00000|  0%| F|  |TS  0|AC  0|TAMS 0x0000000740d00000, 0x0000000740d00000|
|  14|0x0000000740e00000, 0x0000000740e00000, 0x0000000740f00000|  0%| F|  |TS  0|AC  0|TAMS 0x0000000740e00000, 0x0000000740e00000|
|  15|0x0000000740f00000, 0x0000000740f00000, 0x0000000741000000|  0%| F|  |TS  0|AC  0|TAMS 0x0000000740f00000, 0x0000000740f00000|
|  16|0x0000000741000000, 0x0000000741000000, 0x0000000741100000|  0%| F|  |TS  0|AC  0|TAMS 0x0000000741000000, 0x0000000741000000|
|  17|0x0000000741100000, 0x0000000741100000, 0x0000000741200000|  0%| F|  |TS  0|AC  0|TAMS 0x0000000741100000, 0x0000000741100000|
|  18|0x0000000741200000, 0x0000000741200000, 0x0000000741300000|  0%| F|  |TS  0|AC  0|TAMS 0x0000000741200000, 0x0000000741200000|
|  19|0x0000000741300000, 0x0000000741300000, 0x0000000741400000|  0%| F|  |TS  0|AC  0|TAMS 0x0000000741300000, 0x0000000741300000|
|  20|0x0000000741400000, 0x0000000741400000, 0x0000000741500000|  0%| F|  |TS  0|AC  0|TAMS 0x0000000741400000, 0x0000000741400000|
|  21|0x0000000741500000, 0x0000000741500000, 0x0000000741600000|  0%| F|  |TS  0|AC  0|TAMS 0x0000000741500000, 0x0000000741500000|
|  22|0x0000000741600000, 0x0000000741600000, 0x0000000741700000|  0%| F|  |TS  0|AC  0|TAMS 0x0000000741600000, 0x0000000741600000|
|  23|0x0000000741700000, 0x0000000741700000, 0x0000000741800000|  0%| F|  |TS  0|AC  0|TAMS 0x0000000741700000, 0x0000000741700000|
|  24|0x0000000741800000, 0x0000000741800000, 0x0000000741900000|  0%| F|  |TS  0|AC  0|TAMS 0x0000000741800000, 0x0000000741800000|
|  25|0x0000000741900000, 0x0000000741900000, 0x0000000741a00000|  0%| F|  |TS  0|AC  0|TAMS 0x0000000741900000, 0x0000000741900000|
|  26|0x0000000741a00000, 0x0000000741a00000, 0x0000000741b00000|  0%| F|  |TS  0|AC  0|TAMS 0x0000000741a00000, 0x0000000741a00000|
|  27|0x0000000741b00000, 0x0000000741b00000, 0x0000000741c00000|  0%| F|  |TS  0|AC  0|TAMS 0x0000000741b00000, 0x0000000741b00000|
|  28|0x0000000741c00000, 0x0000000741c00000, 0x0000000741d00000|  0%| F|  |TS  0|AC  0|TAMS 0x0000000741c00000, 0x0000000741c00000|
|  29|0x0000000741d00000, 0x0000000741d00000, 0x0000000741e00000|  0%| F|  |TS  0|AC  0|TAMS 0x0000000741d00000, 0x0000000741d00000|
|  30|0x0000000741e00000, 0x0000000741e00000, 0x0000000741f00000|  0%| F|  |TS  0|AC  0|TAMS 0x0000000741e00000, 0x0000000741e00000|
|  31|0x0000000741f00000, 0x0000000741f00000, 0x0000000742000000|  0%| F|  |TS  0|AC  0|TAMS 0x0000000741f00000, 0x0000000741f00000|
|  32|0x0000000742000000, 0x0000000742000000, 0x0000000742100000|  0%| F|  |TS  0|AC  0|TAMS 0x0000000742000000, 0x0000000742000000|
|  33|0x0000000742100000, 0x0000000742100000, 0x0000000742200000|  0%| F|  |TS  0|AC  0|TAMS 0x0000000742100000, 0x0000000742100000|
|  34|0x0000000742200000, 0x0000000742200000, 0x0000000742300000|  0%| F|  |TS  0|AC  0|TAMS 0x0000000742200000, 0x0000000742200000|
|  35|0x0000000742300000, 0x0000000742300000, 0x0000000742400000|  0%| F|  |TS  0|AC  0|TAMS 0x0000000742300000, 0x0000000742300000|
|  36|0x0000000742400000, 0x0000000742400000, 0x0000000742500000|  0%| F|  |TS  0|AC  0|TAMS 0x0000000742400000, 0x0000000742400000|
|  37|0x0000000742500000, 0x0000000742500000, 0x0000000742600000|  0%| F|  |TS  0|AC  0|TAMS 0x0000000742500000, 0x0000000742500000|
|  38|0x0000000742600000, 0x0000000742600000, 0x0000000742700000|  0%| F|  |TS  0|AC  0|TAMS 0x0000000742600000, 0x0000000742600000|
|  39|0x0000000742700000, 0x0000000742700000, 0x0000000742800000|  0%| F|  |TS  0|AC  0|TAMS 0x0000000742700000, 0x0000000742700000|
|  40|0x0000000742800000, 0x0000000742800000, 0x0000000742900000|  0%| F|  |TS  0|AC  0|TAMS 0x0000000742800000, 0x0000000742800000|
|  41|0x0000000742900000, 0x0000000742900000, 0x0000000742a00000|  0%| F|  |TS  0|AC  0|TAMS 0x0000000742900000, 0x0000000742900000|
|  42|0x0000000742a00000, 0x0000000742a00000, 0x0000000742b00000|  0%| F|  |TS  0|AC  0|TAMS 0x0000000742a00000, 0x0000000742a00000|
|  43|0x0000000742b00000, 0x0000000742b00000, 0x0000000742c00000|  0%| F|  |TS  0|AC  0|TAMS 0x0000000742b00000, 0x0000000742b00000|
|  44|0x0000000742c00000, 0x0000000742c00000, 0x0000000742d00000|  0%| F|  |TS  0|AC  0|TAMS 0x0000000742c00000, 0x0000000742c00000|
|  45|0x0000000742d00000, 0x0000000742d00000, 0x0000000742e00000|  0%| F|  |TS  0|AC  0|TAMS 0x0000000742d00000, 0x0000000742d00000|
|  46|0x0000000742e00000, 0x0000000742e00000, 0x0000000742f00000|  0%| F|  |TS  0|AC  0|TAMS 0x0000000742e00000, 0x0000000742e00000|
|  47|0x0000000742f00000, 0x0000000742f00000, 0x0000000743000000|  0%| F|  |TS  0|AC  0|TAMS 0x0000000742f00000, 0x0000000742f00000|
|  48|0x0000000743000000, 0x0000000743000000, 0x0000000743100000|  0%| F|  |TS  0|AC  0|TAMS 0x0000000743000000, 0x0000000743000000|
|  49|0x0000000743100000, 0x0000000743100000, 0x0000000743200000|  0%| F|  |TS  0|AC  0|TAMS 0x0000000743100000, 0x0000000743100000|
|  50|0x0000000743200000, 0x0000000743200000, 0x0000000743300000|  0%| F|  |TS  0|AC  0|TAMS 0x0000000743200000, 0x0000000743200000|
|  51|0x0000000743300000, 0x0000000743300000, 0x0000000743400000|  0%| F|  |TS  0|AC  0|TAMS 0x0000000743300000, 0x0000000743300000|
|  52|0x0000000743400000, 0x0000000743400000, 0x0000000743500000|  0%| F|  |TS  0|AC  0|TAMS 0x0000000743400000, 0x0000000743400000|
|  53|0x0000000743500000, 0x0000000743500000, 0x0000000743600000|  0%| F|  |TS  0|AC  0|TAMS 0x0000000743500000, 0x0000000743500000|
|  54|0x0000000743600000, 0x0000000743600000, 0x0000000743700000|  0%| F|  |TS  0|AC  0|TAMS 0x0000000743600000, 0x0000000743600000|
|  55|0x0000000743700000, 0x0000000743700000, 0x0000000743800000|  0%| F|  |TS  0|AC  0|TAMS 0x0000000743700000, 0x0000000743700000|
|  56|0x0000000743800000, 0x0000000743800000, 0x0000000743900000|  0%| F|  |TS  0|AC  0|TAMS 0x0000000743800000, 0x0000000743800000|
|  57|0x0000000743900000, 0x0000000743900000, 0x0000000743a00000|  0%| F|  |TS  0|AC  0|TAMS 0x0000000743900000, 0x0000000743900000|
|  58|0x0000000743a00000, 0x0000000743a00000, 0x0000000743b00000|  0%| F|  |TS  0|AC  0|TAMS 0x0000000743a00000, 0x0000000743a00000|
|  59|0x0000000743b00000, 0x0000000743b00000, 0x0000000743c00000|  0%| F|  |TS  0|AC  0|TAMS 0x0000000743b00000, 0x0000000743b00000|
|  60|0x0000000743c00000, 0x0000000743c00000, 0x0000000743d00000|  0%| F|  |TS  0|AC  0|TAMS 0x0000000743c00000, 0x0000000743c00000|
|  61|0x0000000743d00000, 0x0000000743d00000, 0x0000000743e00000|  0%| F|  |TS  0|AC  0|TAMS 0x0000000743d00000, 0x0000000743d00000|
|  62|0x0000000743e00000, 0x0000000743e00000, 0x0000000743f00000|  0%| F|  |TS  0|AC  0|TAMS 0x0000000743e00000, 0x0000000743e00000|
|  63|0x0000000743f00000, 0x0000000743f00000, 0x0000000744000000|  0%| F|  |TS  0|AC  0|TAMS 0x0000000743f00000, 0x0000000743f00000|
|  64|0x0000000744000000, 0x0000000744000000, 0x0000000744100000|  0%| F|  |TS  0|AC  0|TAMS 0x0000000744000000, 0x0000000744000000|
|  65|0x0000000744100000, 0x0000000744100000, 0x0000000744200000|  0%| F|  |TS  0|AC  0|TAMS 0x0000000744100000, 0x0000000744100000|
|  66|0x0000000744200000, 0x0000000744200000, 0x0000000744300000|  0%| F|  |TS  0|AC  0|TAMS 0x0000000744200000, 0x0000000744200000|
|  67|0x0000000744300000, 0x0000000744300000, 0x0000000744400000|  0%| F|  |TS  0|AC  0|TAMS 0x0000000744300000, 0x0000000744300000|
|  68|0x0000000744400000, 0x0000000744400000, 0x0000000744500000|  0%| F|  |TS  0|AC  0|TAMS 0x0000000744400000, 0x0000000744400000|
|  69|0x0000000744500000, 0x0000000744500000, 0x0000000744600000|  0%| F|  |TS  0|AC  0|TAMS 0x0000000744500000, 0x0000000744500000|
|  70|0x0000000744600000, 0x0000000744600000, 0x0000000744700000|  0%| F|  |TS  0|AC  0|TAMS 0x0000000744600000, 0x0000000744600000|
|  71|0x0000000744700000, 0x0000000744700000, 0x0000000744800000|  0%| F|  |TS  0|AC  0|TAMS 0x0000000744700000, 0x0000000744700000|
|  72|0x0000000744800000, 0x0000000744800000, 0x0000000744900000|  0%| F|  |TS  0|AC  0|TAMS 0x0000000744800000, 0x0000000744800000|
|  73|0x0000000744900000, 0x0000000744900000, 0x0000000744a00000|  0%| F|  |TS  0|AC  0|TAMS 0x0000000744900000, 0x0000000744900000|
|  74|0x0000000744a00000, 0x0000000744a00000, 0x0000000744b00000|  0%| F|  |TS  0|AC  0|TAMS 0x0000000744a00000, 0x0000000744a00000|
|  75|0x0000000744b00000, 0x0000000744b00000, 0x0000000744c00000|  0%| F|  |TS  0|AC  0|TAMS 0x0000000744b00000, 0x0000000744b00000|
|  76|0x0000000744c00000, 0x0000000744c00000, 0x0000000744d00000|  0%| F|  |TS  0|AC  0|TAMS 0x0000000744c00000, 0x0000000744c00000|
|  77|0x0000000744d00000, 0x0000000744d00000, 0x0000000744e00000|  0%| F|  |TS  0|AC  0|TAMS 0x0000000744d00000, 0x0000000744d00000|
|  78|0x0000000744e00000, 0x0000000744e00000, 0x0000000744f00000|  0%| F|  |TS  0|AC  0|TAMS 0x0000000744e00000, 0x0000000744e00000|
|  79|0x0000000744f00000, 0x0000000744f00000, 0x0000000745000000|  0%| F|  |TS  0|AC  0|TAMS 0x0000000744f00000, 0x0000000744f00000|
|  80|0x0000000745000000, 0x0000000745000000, 0x0000000745100000|  0%| F|  |TS  0|AC  0|TAMS 0x0000000745000000, 0x0000000745000000|
|  81|0x0000000745100000, 0x0000000745100000, 0x0000000745200000|  0%| F|  |TS  0|AC  0|TAMS 0x0000000745100000, 0x0000000745100000|
|  82|0x0000000745200000, 0x0000000745200000, 0x0000000745300000|  0%| F|  |TS  0|AC  0|TAMS 0x0000000745200000, 0x0000000745200000|
|  83|0x0000000745300000, 0x0000000745300000, 0x0000000745400000|  0%| F|  |TS  0|AC  0|TAMS 0x0000000745300000, 0x0000000745300000|
|  84|0x0000000745400000, 0x0000000745400000, 0x0000000745500000|  0%| F|  |TS  0|AC  0|TAMS 0x0000000745400000, 0x0000000745400000|
|  85|0x0000000745500000, 0x0000000745500000, 0x0000000745600000|  0%| F|  |TS  0|AC  0|TAMS 0x0000000745500000, 0x0000000745500000|
|  86|0x0000000745600000, 0x0000000745600000, 0x0000000745700000|  0%| F|  |TS  0|AC  0|TAMS 0x0000000745600000, 0x0000000745600000|
|  87|0x0000000745700000, 0x0000000745700000, 0x0000000745800000|  0%| F|  |TS  0|AC  0|TAMS 0x0000000745700000, 0x0000000745700000|
|  88|0x0000000745800000, 0x0000000745800000, 0x0000000745900000|  0%| F|  |TS  0|AC  0|TAMS 0x0000000745800000, 0x0000000745800000|
|  89|0x0000000745900000, 0x0000000745900000, 0x0000000745a00000|  0%| F|  |TS  0|AC  0|TAMS 0x0000000745900000, 0x0000000745900000|
|  90|0x0000000745a00000, 0x0000000745a00000, 0x0000000745b00000|  0%| F|  |TS  0|AC  0|TAMS 0x0000000745a00000, 0x0000000745a00000|
|  91|0x0000000745b00000, 0x0000000745b00000, 0x0000000745c00000|  0%| F|  |TS  0|AC  0|TAMS 0x0000000745b00000, 0x0000000745b00000|
|  92|0x0000000745c00000, 0x0000000745c00000, 0x0000000745d00000|  0%| F|  |TS  0|AC  0|TAMS 0x0000000745c00000, 0x0000000745c00000|
|  93|0x0000000745d00000, 0x0000000745d00000, 0x0000000745e00000|  0%| F|  |TS  0|AC  0|TAMS 0x0000000745d00000, 0x0000000745d00000|
|  94|0x0000000745e00000, 0x0000000745e00000, 0x0000000745f00000|  0%| F|  |TS  0|AC  0|TAMS 0x0000000745e00000, 0x0000000745e00000|
|  95|0x0000000745f00000, 0x0000000745f00000, 0x0000000746000000|  0%| F|  |TS  0|AC  0|TAMS 0x0000000745f00000, 0x0000000745f00000|
|  96|0x0000000746000000, 0x0000000746000000, 0x0000000746100000|  0%| F|  |TS  0|AC  0|TAMS 0x0000000746000000, 0x0000000746000000|
|  97|0x0000000746100000, 0x0000000746100000, 0x0000000746200000|  0%| F|  |TS  0|AC  0|TAMS 0x0000000746100000, 0x0000000746100000|
|  98|0x0000000746200000, 0x0000000746200000, 0x0000000746300000|  0%| F|  |TS  0|AC  0|TAMS 0x0000000746200000, 0x0000000746200000|
|  99|0x0000000746300000, 0x0000000746300000, 0x0000000746400000|  0%| F|  |TS  0|AC  0|TAMS 0x0000000746300000, 0x0000000746300000|
| 100|0x0000000746400000, 0x0000000746400000, 0x0000000746500000|  0%| F|  |TS  0|AC  0|TAMS 0x0000000746400000, 0x0000000746400000|
| 101|0x0000000746500000, 0x0000000746500000, 0x0000000746600000|  0%| F|  |TS  0|AC  0|TAMS 0x0000000746500000, 0x0000000746500000|
| 102|0x0000000746600000, 0x0000000746600000, 0x0000000746700000|  0%| F|  |TS  0|AC  0|TAMS 0x0000000746600000, 0x0000000746600000|
| 103|0x0000000746700000, 0x0000000746700000, 0x0000000746800000|  0%| F|  |TS  0|AC  0|TAMS 0x0000000746700000, 0x0000000746700000|
| 104|0x0000000746800000, 0x0000000746800000, 0x0000000746900000|  0%| F|  |TS  0|AC  0|TAMS 0x0000000746800000, 0x0000000746800000|
| 105|0x0000000746900000, 0x0000000746900000, 0x0000000746a00000|  0%| F|  |TS  0|AC  0|TAMS 0x0000000746900000, 0x0000000746900000|
| 106|0x0000000746a00000, 0x0000000746a00000, 0x0000000746b00000|  0%| F|  |TS  0|AC  0|TAMS 0x0000000746a00000, 0x0000000746a00000|
| 107|0x0000000746b00000, 0x0000000746b00000, 0x0000000746c00000|  0%| F|  |TS  0|AC  0|TAMS 0x0000000746b00000, 0x0000000746b00000|
| 108|0x0000000746c00000, 0x0000000746c00000, 0x0000000746d00000|  0%| F|  |TS  0|AC  0|TAMS 0x0000000746c00000, 0x0000000746c00000|
| 109|0x0000000746d00000, 0x0000000746d00000, 0x0000000746e00000|  0%| F|  |TS  0|AC  0|TAMS 0x0000000746d00000, 0x0000000746d00000|
| 110|0x0000000746e00000, 0x0000000746e00000, 0x0000000746f00000|  0%| F|  |TS  0|AC  0|TAMS 0x0000000746e00000, 0x0000000746e00000|
| 111|0x0000000746f00000, 0x0000000746f00000, 0x0000000747000000|  0%| F|  |TS  0|AC  0|TAMS 0x0000000746f00000, 0x0000000746f00000|
| 112|0x0000000747000000, 0x0000000747000000, 0x0000000747100000|  0%| F|  |TS  0|AC  0|TAMS 0x0000000747000000, 0x0000000747000000|
| 113|0x0000000747100000, 0x0000000747100000, 0x0000000747200000|  0%| F|  |TS  0|AC  0|TAMS 0x0000000747100000, 0x0000000747100000|
| 114|0x0000000747200000, 0x0000000747200000, 0x0000000747300000|  0%| F|  |TS  0|AC  0|TAMS 0x0000000747200000, 0x0000000747200000|
| 115|0x0000000747300000, 0x0000000747300000, 0x0000000747400000|  0%| F|  |TS  0|AC  0|TAMS 0x0000000747300000, 0x0000000747300000|
| 116|0x0000000747400000, 0x0000000747400000, 0x0000000747500000|  0%| F|  |TS  0|AC  0|TAMS 0x0000000747400000, 0x0000000747400000|
| 117|0x0000000747500000, 0x0000000747500000, 0x0000000747600000|  0%| F|  |TS  0|AC  0|TAMS 0x0000000747500000, 0x0000000747500000|
| 118|0x0000000747600000, 0x0000000747600000, 0x0000000747700000|  0%| F|  |TS  0|AC  0|TAMS 0x0000000747600000, 0x0000000747600000|
| 119|0x0000000747700000, 0x0000000747700000, 0x0000000747800000|  0%| F|  |TS  0|AC  0|TAMS 0x0000000747700000, 0x0000000747700000|
| 120|0x0000000747800000, 0x0000000747800000, 0x0000000747900000|  0%| F|  |TS  0|AC  0|TAMS 0x0000000747800000, 0x0000000747800000|
| 121|0x0000000747900000, 0x0000000747900000, 0x0000000747a00000|  0%| F|  |TS  0|AC  0|TAMS 0x0000000747900000, 0x0000000747900000|
| 122|0x0000000747a00000, 0x0000000747ad7c10, 0x0000000747b00000| 84%| E|  |TS  0|AC  0|TAMS 0x0000000747a00000, 0x0000000747a00000|
| 123|0x0000000747b00000, 0x0000000747c00000, 0x0000000747c00000|100%| E|CS|TS  0|AC  0|TAMS 0x0000000747b00000, 0x0000000747b00000|
| 124|0x0000000747c00000, 0x0000000747d00000, 0x0000000747d00000|100%| E|CS|TS  0|AC  0|TAMS 0x0000000747c00000, 0x0000000747c00000|
| 125|0x0000000747d00000, 0x0000000747e00000, 0x0000000747e00000|100%| E|CS|TS  0|AC  0|TAMS 0x0000000747d00000, 0x0000000747d00000|
| 126|0x0000000747e00000, 0x0000000747f00000, 0x0000000747f00000|100%| E|CS|TS  0|AC  0|TAMS 0x0000000747e00000, 0x0000000747e00000|
| 127|0x0000000747f00000, 0x0000000748000000, 0x0000000748000000|100%| E|CS|TS  0|AC  0|TAMS 0x0000000747f00000, 0x0000000747f00000|

Card table byte_map: [0x00000001063d6000,0x00000001067d6000] byte_map_base: 0x00000001029d6000

Marking Bits (Prev, Next): (CMBitMap*) 0x00007fbb2402c870, (CMBitMap*) 0x00007fbb2402c8a8
 Prev Bits: [0x0000000106bd6000, 0x0000000108bd6000)
 Next Bits: [0x0000000123dcc000, 0x0000000125dcc000)

Polling page: 0x0000000104ca3000

CodeHeap 'non-profiled nmethods': size=120032Kb used=174Kb max_used=174Kb free=119857Kb
 bounds [0x000000011c894000, 0x000000011cb04000, 0x0000000123dcc000]
CodeHeap 'profiled nmethods': size=120032Kb used=1076Kb max_used=1076Kb free=118955Kb
 bounds [0x000000011535c000, 0x00000001155cc000, 0x000000011c894000]
CodeHeap 'non-nmethods': size=5696Kb used=1181Kb max_used=1195Kb free=4514Kb
 bounds [0x0000000114dcc000, 0x000000011503c000, 0x000000011535c000]
 total_blobs=1010 nmethods=562 adapters=252
 compilation: enabled

Compilation events (10 events):
Event: 1.857 Thread 0x00007fbb250b0000  558       3       java.lang.ClassLoader::findLoadedClass (16 bytes)
Event: 1.857 Thread 0x00007fbb250b0000 nmethod 558 0x0000000115462e90 code [0x0000000115463060, 0x0000000115463298]
Event: 1.857 Thread 0x00007fbb250b0000  560   !   3       jdk.internal.loader.URLClassPath$FileLoader::getResource (164 bytes)
Event: 1.866 Thread 0x00007fbb250b0000 nmethod 560 0x0000000115463390 code [0x00000001154637a0, 0x0000000115465908]
Event: 1.867 Thread 0x00007fbb250b0000  561       3       java.io.File::<init> (113 bytes)
Event: 1.868 Thread 0x00007fbb250b0000 nmethod 561 0x0000000115466610 code [0x00000001154668e0, 0x0000000115467788]
Event: 1.869 Thread 0x00007fbb250b0000  562       3       jdk.internal.loader.BuiltinClassLoader::findLoadedModule (33 bytes)
Event: 1.870 Thread 0x00007fbb250b0000 nmethod 562 0x0000000115467c10 code [0x0000000115467e40, 0x0000000115468738]
Event: 1.870 Thread 0x00007fbb250b0000  563       3       java.lang.Class::reflectionData (43 bytes)
Event: 1.870 Thread 0x00007fbb250b0000 nmethod 563 0x0000000115468990 code [0x0000000115468b60, 0x0000000115468f98]

GC Heap History (0 events):
No events

Deoptimization events (1 events):
Event: 1.046 Thread 0x00007fbb23803000 Uncommon trap: reason=unstable_if action=reinterpret pc=0x000000011c896da0 method=java.lang.String.charAt(I)C @ 4 c2

Classes redefined (2 events):
Event: 232.491 Thread 0x00007fbb23816800 redefined class name=Test.TestMath_exhauxtivo.test_Math_exhauxtivo, count=1
Event: 352.163 Thread 0x00007fbb23816800 redefined class name=Test.TestMath_exhauxtivo.test_Math_exhauxtivo, count=2

Internal exceptions (8 events):
Event: 0.698 Thread 0x00007fbb23803000 Exception <a 'java/io/FileNotFoundException'{0x0000000747d40bf8}> (0x0000000747d40bf8) thrown at [/scratch/mesos/slaves/5af44a71-976a-41b7-81de-5773b84ec572-S38393/frameworks/1735e8a2-a1db-478c-8104-60c8b0af87dd-0196/executors/8b855640-c399-41ea-b65f-5227
Event: 0.845 Thread 0x00007fbb23803000 Exception <a 'java/lang/NoSuchMethodError'{0x0000000747da2778}: java.lang.invoke.DirectMethodHandle$Holder.invokeInterface(Ljava/lang/Object;Ljava/lang/Object;)Ljava/lang/Object;> (0x0000000747da2778) thrown at [/scratch/mesos/slaves/5af44a71-976a-41b7-81
Event: 0.855 Thread 0x00007fbb23803000 Exception <a 'java/lang/NoSuchMethodError'{0x0000000747dae980}: java.lang.invoke.DirectMethodHandle$Holder.invokeInterface(Ljava/lang/Object;Ljava/lang/Object;Ljava/lang/Object;)I> (0x0000000747dae980) thrown at [/scratch/mesos/slaves/5af44a71-976a-41b7-8
Event: 0.966 Thread 0x00007fbb23803000 Exception <a 'java/lang/NoSuchMethodError'{0x0000000747c04b38}: java.lang.Object.lambda$negate$3(I)Z> (0x0000000747c04b38) thrown at [/scratch/mesos/slaves/5af44a71-976a-41b7-81de-5773b84ec572-S38393/frameworks/1735e8a2-a1db-478c-8104-60c8b0af87dd-0196/ex
Event: 0.973 Thread 0x00007fbb23803000 Exception <a 'java/lang/NoSuchMethodError'{0x0000000747c081d0}: java.lang.Object.lambda$union$3(Ljava/util/regex/Pattern$CharPredicate;I)Z> (0x0000000747c081d0) thrown at [/scratch/mesos/slaves/5af44a71-976a-41b7-81de-5773b84ec572-S38393/frameworks/1735e8
Event: 1.005 Thread 0x00007fbb23803000 Exception <a 'java/lang/NoSuchMethodError'{0x0000000747c23030}: java.lang.Object.lambda$union$2(Ljava/util/regex/Pattern$CharPredicate;I)Z> (0x0000000747c23030) thrown at [/scratch/mesos/slaves/5af44a71-976a-41b7-81de-5773b84ec572-S38393/frameworks/1735e8
Event: 1.115 Thread 0x00007fbb23803000 Exception <a 'java/lang/NoSuchMethodError'{0x0000000747c7eb50}: java.lang.invoke.DirectMethodHandle$Holder.invokeStatic(Ljava/lang/Object;Ljava/lang/Object;)I> (0x0000000747c7eb50) thrown at [/scratch/mesos/slaves/5af44a71-976a-41b7-81de-5773b84ec572-S383
Event: 1.134 Thread 0x00007fbb23803000 Exception <a 'java/lang/NoSuchMethodError'{0x0000000747c8b920}: java.lang.Object.of([Ljava/lang/Object;)Ljava/util/stream/Stream;> (0x0000000747c8b920) thrown at [/scratch/mesos/slaves/5af44a71-976a-41b7-81de-5773b84ec572-S38393/frameworks/1735e8a2-a1db-4

Events (10 events):
Event: 352.533 Executing VM operation: GetFrameLocation done
Event: 352.535 Executing VM operation: GetFrameCount
Event: 352.535 Executing VM operation: GetFrameCount done
Event: 352.535 Executing VM operation: GetFrameLocation
Event: 352.535 Executing VM operation: GetFrameLocation done
Event: 352.536 Executing VM operation: GetFrameCount
Event: 352.536 Executing VM operation: GetFrameCount done
Event: 352.536 Executing VM operation: GetFrameLocation
Event: 352.536 Executing VM operation: GetFrameLocation done
Event: 352.625 Executing VM operation: GetOrSetLocal


Dynamic libraries:
0x00007fff2c553000 	/System/Library/Frameworks/Cocoa.framework/Versions/A/Cocoa
0x00007fff38910000 	/System/Library/Frameworks/Security.framework/Versions/A/Security
0x00007fff2b1c2000 	/System/Library/Frameworks/ApplicationServices.framework/Versions/A/ApplicationServices
0x00007fff54470000 	/usr/lib/libz.1.dylib
0x00007fff52484000 	/usr/lib/libSystem.B.dylib
0x00007fff2cced000 	/System/Library/Frameworks/CoreFoundation.framework/Versions/A/CoreFoundation
0x00007fff2ee23000 	/System/Library/Frameworks/Foundation.framework/Versions/C/Foundation
0x00007fff53a85000 	/usr/lib/libobjc.A.dylib
0x00007fff2a313000 	/System/Library/Frameworks/AppKit.framework/Versions/C/AppKit
0x00007fff2c8cb000 	/System/Library/Frameworks/CoreData.framework/Versions/A/CoreData
0x00007fff4bec5000 	/System/Library/PrivateFrameworks/RemoteViewServices.framework/Versions/A/RemoteViewServices
0x00007fff5051a000 	/System/Library/PrivateFrameworks/UIFoundation.framework/Versions/A/UIFoundation
0x00007fff40f0f000 	/System/Library/PrivateFrameworks/DFRFoundation.framework/Versions/A/DFRFoundation
0x00007fff312fa000 	/System/Library/Frameworks/Metal.framework/Versions/A/Metal
0x00007fff410b0000 	/System/Library/PrivateFrameworks/DesktopServicesPriv.framework/Versions/A/DesktopServicesPriv
0x00007fff53087000 	/usr/lib/libenergytrace.dylib
0x00007fff4e63e000 	/System/Library/PrivateFrameworks/SkyLight.framework/Versions/A/SkyLight
0x00007fff2d18f000 	/System/Library/Frameworks/CoreGraphics.framework/Versions/A/CoreGraphics
0x00007fff5247f000 	/usr/lib/libScreenReader.dylib
0x00007fff292d4000 	/System/Library/Frameworks/Accelerate.framework/Versions/A/Accelerate
0x00007fff2f59a000 	/System/Library/Frameworks/IOSurface.framework/Versions/A/IOSurface
0x00007fff2b70c000 	/System/Library/Frameworks/AudioToolbox.framework/Versions/A/AudioToolbox
0x00007fff2b999000 	/System/Library/Frameworks/AudioUnit.framework/Versions/A/AudioUnit
0x00007fff40fab000 	/System/Library/PrivateFrameworks/DataDetectorsCore.framework/Versions/A/DataDetectorsCore
0x00007fff2c05a000 	/System/Library/Frameworks/Carbon.framework/Versions/A/Frameworks/HIToolbox.framework/Versions/A/HIToolbox
0x00007fff531e1000 	/usr/lib/libicucore.A.dylib
0x00007fff37e8f000 	/System/Library/Frameworks/QuartzCore.framework/Versions/A/QuartzCore
0x00007fff2c440000 	/System/Library/Frameworks/Carbon.framework/Versions/A/Frameworks/SpeechRecognition.framework/Versions/A/SpeechRecognition
0x00007fff525e0000 	/usr/lib/libauto.dylib
0x00007fff5435f000 	/usr/lib/libxml2.2.dylib
0x00007fff40b89000 	/System/Library/PrivateFrameworks/CoreUI.framework/Versions/A/CoreUI
0x00007fff2c7a7000 	/System/Library/Frameworks/CoreAudio.framework/Versions/A/CoreAudio
0x00007fff2ec5d000 	/System/Library/Frameworks/DiskArbitration.framework/Versions/A/DiskArbitration
0x00007fff53455000 	/usr/lib/liblangid.dylib
0x00007fff48410000 	/System/Library/PrivateFrameworks/MultitouchSupport.framework/Versions/A/MultitouchSupport
0x00007fff2f4fd000 	/System/Library/Frameworks/IOKit.framework/Versions/A/IOKit
0x00007fff5211c000 	/usr/lib/libDiagnosticMessagesClient.dylib
0x00007fff2de4d000 	/System/Library/Frameworks/CoreServices.framework/Versions/A/CoreServices
0x00007fff49eaa000 	/System/Library/PrivateFrameworks/PerformanceAnalysis.framework/Versions/A/PerformanceAnalysis
0x00007fff37039000 	/System/Library/Frameworks/OpenGL.framework/Versions/A/OpenGL
0x00007fff2c561000 	/System/Library/Frameworks/ColorSync.framework/Versions/A/ColorSync
0x00007fff2d79e000 	/System/Library/Frameworks/CoreImage.framework/Versions/A/CoreImage
0x00007fff2e7ce000 	/System/Library/Frameworks/CoreText.framework/Versions/A/CoreText
0x00007fff2f5f8000 	/System/Library/Frameworks/ImageIO.framework/Versions/A/ImageIO
0x00007fff3d3e2000 	/System/Library/PrivateFrameworks/Backup.framework/Versions/A/Backup
0x00007fff52530000 	/usr/lib/libarchive.2.dylib
0x00007fff2bcae000 	/System/Library/Frameworks/CFNetwork.framework/Versions/A/CFNetwork
0x00007fff3908c000 	/System/Library/Frameworks/SystemConfiguration.framework/Versions/A/SystemConfiguration
0x00007fff52045000 	/usr/lib/libCRFSuite.dylib
0x00007fff526b8000 	/usr/lib/libc++.1.dylib
0x00007fff5270f000 	/usr/lib/libc++abi.dylib
0x00007fff54520000 	/usr/lib/system/libcache.dylib
0x00007fff54525000 	/usr/lib/system/libcommonCrypto.dylib
0x00007fff54530000 	/usr/lib/system/libcompiler_rt.dylib
0x00007fff54538000 	/usr/lib/system/libcopyfile.dylib
0x00007fff54541000 	/usr/lib/system/libcorecrypto.dylib
0x00007fff5464e000 	/usr/lib/system/libdispatch.dylib
0x00007fff54688000 	/usr/lib/system/libdyld.dylib
0x00007fff546a6000 	/usr/lib/system/libkeymgr.dylib
0x00007fff546b4000 	/usr/lib/system/liblaunch.dylib
0x00007fff546b5000 	/usr/lib/system/libmacho.dylib
0x00007fff546ba000 	/usr/lib/system/libquarantine.dylib
0x00007fff546bd000 	/usr/lib/system/libremovefile.dylib
0x00007fff546bf000 	/usr/lib/system/libsystem_asl.dylib
0x00007fff546d7000 	/usr/lib/system/libsystem_blocks.dylib
0x00007fff546d8000 	/usr/lib/system/libsystem_c.dylib
0x00007fff54762000 	/usr/lib/system/libsystem_configuration.dylib
0x00007fff54766000 	/usr/lib/system/libsystem_coreservices.dylib
0x00007fff5476a000 	/usr/lib/system/libsystem_darwin.dylib
0x00007fff5476c000 	/usr/lib/system/libsystem_dnssd.dylib
0x00007fff54773000 	/usr/lib/system/libsystem_info.dylib
0x00007fff547e3000 	/usr/lib/system/libsystem_m.dylib
0x00007fff5482f000 	/usr/lib/system/libsystem_malloc.dylib
0x00007fff5484f000 	/usr/lib/system/libsystem_network.dylib
0x00007fff548f4000 	/usr/lib/system/libsystem_networkextension.dylib
0x00007fff548ff000 	/usr/lib/system/libsystem_notify.dylib
0x00007fff5491d000 	/usr/lib/system/libsystem_sandbox.dylib
0x00007fff54921000 	/usr/lib/system/libsystem_secinit.dylib
0x00007fff547bd000 	/usr/lib/system/libsystem_kernel.dylib
0x00007fff54909000 	/usr/lib/system/libsystem_platform.dylib
0x00007fff54911000 	/usr/lib/system/libsystem_pthread.dylib
0x00007fff54923000 	/usr/lib/system/libsystem_symptoms.dylib
0x00007fff5492b000 	/usr/lib/system/libsystem_trace.dylib
0x00007fff54940000 	/usr/lib/system/libunwind.dylib
0x00007fff54946000 	/usr/lib/system/libxpc.dylib
0x00007fff51f72000 	/usr/lib/closure/libclosured.dylib
0x00007fff52699000 	/usr/lib/libbsm.0.dylib
0x00007fff546a7000 	/usr/lib/system/libkxld.dylib
0x00007fff52356000 	/usr/lib/libOpenScriptingUtil.dylib
0x00007fff52a09000 	/usr/lib/libcoretls.dylib
0x00007fff52a22000 	/usr/lib/libcoretls_cfhelpers.dylib
0x00007fff53e86000 	/usr/lib/libpam.2.dylib
0x00007fff53fac000 	/usr/lib/libsqlite3.dylib
0x00007fff5434e000 	/usr/lib/libxar.1.dylib
0x00007fff526aa000 	/usr/lib/libbz2.1.0.dylib
0x00007fff53457000 	/usr/lib/liblzma.5.dylib
0x00007fff53938000 	/usr/lib/libnetwork.dylib
0x00007fff52519000 	/usr/lib/libapple_nghttp2.dylib
0x00007fff53e8d000 	/usr/lib/libpcap.A.dylib
0x00007fff525e1000 	/usr/lib/libboringssl.dylib
0x00007fff54310000 	/usr/lib/libusrtcp.dylib
0x00007fff52518000 	/usr/lib/libapple_crypto.dylib
0x00007fff2e1d0000 	/System/Library/Frameworks/CoreServices.framework/Versions/A/Frameworks/FSEvents.framework/Versions/A/FSEvents
0x00007fff2dec3000 	/System/Library/Frameworks/CoreServices.framework/Versions/A/Frameworks/CarbonCore.framework/Versions/A/CarbonCore
0x00007fff2e392000 	/System/Library/Frameworks/CoreServices.framework/Versions/A/Frameworks/Metadata.framework/Versions/A/Metadata
0x00007fff2e442000 	/System/Library/Frameworks/CoreServices.framework/Versions/A/Frameworks/OSServices.framework/Versions/A/OSServices
0x00007fff2e4a0000 	/System/Library/Frameworks/CoreServices.framework/Versions/A/Frameworks/SearchKit.framework/Versions/A/SearchKit
0x00007fff2de4e000 	/System/Library/Frameworks/CoreServices.framework/Versions/A/Frameworks/AE.framework/Versions/A/AE
0x00007fff2e1d9000 	/System/Library/Frameworks/CoreServices.framework/Versions/A/Frameworks/LaunchServices.framework/Versions/A/LaunchServices
0x00007fff2e19b000 	/System/Library/Frameworks/CoreServices.framework/Versions/A/Frameworks/DictionaryServices.framework/Versions/A/DictionaryServices
0x00007fff2e50f000 	/System/Library/Frameworks/CoreServices.framework/Versions/A/Frameworks/SharedFileList.framework/Versions/A/SharedFileList
0x00007fff324c6000 	/System/Library/Frameworks/NetFS.framework/Versions/A/NetFS
0x00007fff4869d000 	/System/Library/PrivateFrameworks/NetAuth.framework/Versions/A/NetAuth
0x00007fff51e0c000 	/System/Library/PrivateFrameworks/login.framework/Versions/A/Frameworks/loginsupport.framework/Versions/A/loginsupport
0x00007fff5019e000 	/System/Library/PrivateFrameworks/TCC.framework/Versions/A/TCC
0x00007fff53538000 	/usr/lib/libmecabra.dylib
0x00007fff2b1c3000 	/System/Library/Frameworks/ApplicationServices.framework/Versions/A/Frameworks/ATS.framework/Versions/A/ATS
0x00007fff2b571000 	/System/Library/Frameworks/ApplicationServices.framework/Versions/A/Frameworks/ColorSyncLegacy.framework/Versions/A/ColorSyncLegacy
0x00007fff2b615000 	/System/Library/Frameworks/ApplicationServices.framework/Versions/A/Frameworks/HIServices.framework/Versions/A/HIServices
0x00007fff2b668000 	/System/Library/Frameworks/ApplicationServices.framework/Versions/A/Frameworks/LangAnalysis.framework/Versions/A/LangAnalysis
0x00007fff2b677000 	/System/Library/Frameworks/ApplicationServices.framework/Versions/A/Frameworks/PrintCore.framework/Versions/A/PrintCore
0x00007fff2b6c4000 	/System/Library/Frameworks/ApplicationServices.framework/Versions/A/Frameworks/QD.framework/Versions/A/QD
0x00007fff2b6ff000 	/System/Library/Frameworks/ApplicationServices.framework/Versions/A/Frameworks/SpeechSynthesis.framework/Versions/A/SpeechSynthesis
0x00007fff2cc20000 	/System/Library/Frameworks/CoreDisplay.framework/Versions/A/CoreDisplay
0x00007fff292ec000 	/System/Library/Frameworks/Accelerate.framework/Versions/A/Frameworks/vImage.framework/Versions/A/vImage
0x00007fff2a023000 	/System/Library/Frameworks/Accelerate.framework/Versions/A/Frameworks/vecLib.framework/Versions/A/vecLib
0x00007fff29dc5000 	/System/Library/Frameworks/Accelerate.framework/Versions/A/Frameworks/vecLib.framework/Versions/A/libvDSP.dylib
0x00007fff29946000 	/System/Library/Frameworks/Accelerate.framework/Versions/A/Frameworks/vecLib.framework/Versions/A/libBNNS.dylib
0x00007fff29d4c000 	/System/Library/Frameworks/Accelerate.framework/Versions/A/Frameworks/vecLib.framework/Versions/A/libQuadrature.dylib
0x00007fff29f72000 	/System/Library/Frameworks/Accelerate.framework/Versions/A/Frameworks/vecLib.framework/Versions/A/libvMisc.dylib
0x00007fff29975000 	/System/Library/Frameworks/Accelerate.framework/Versions/A/Frameworks/vecLib.framework/Versions/A/libLAPACK.dylib
0x00007fff297eb000 	/System/Library/Frameworks/Accelerate.framework/Versions/A/Frameworks/vecLib.framework/Versions/A/libBLAS.dylib
0x00007fff29d36000 	/System/Library/Frameworks/Accelerate.framework/Versions/A/Frameworks/vecLib.framework/Versions/A/libLinearAlgebra.dylib
0x00007fff29d52000 	/System/Library/Frameworks/Accelerate.framework/Versions/A/Frameworks/vecLib.framework/Versions/A/libSparse.dylib
0x00007fff29db1000 	/System/Library/Frameworks/Accelerate.framework/Versions/A/Frameworks/vecLib.framework/Versions/A/libSparseBLAS.dylib
0x00007fff46d43000 	/System/Library/PrivateFrameworks/IOAccelerator.framework/Versions/A/IOAccelerator
0x00007fff46d4e000 	/System/Library/PrivateFrameworks/IOPresentment.framework/Versions/A/IOPresentment
0x00007fff40f21000 	/System/Library/PrivateFrameworks/DSExternalDisplay.framework/Versions/A/DSExternalDisplay
0x00007fff364bb000 	/System/Library/Frameworks/OpenGL.framework/Versions/A/Libraries/libCoreFSCache.dylib
0x00007fff2e91d000 	/System/Library/Frameworks/CoreVideo.framework/Versions/A/CoreVideo
0x00007fff46396000 	/System/Library/PrivateFrameworks/GraphVisualizer.framework/Versions/A/GraphVisualizer
0x00007fff314bd000 	/System/Library/Frameworks/MetalPerformanceShaders.framework/Versions/A/MetalPerformanceShaders
0x00007fff52154000 	/usr/lib/libFosl_dynamic.dylib
0x00007fff41f54000 	/System/Library/PrivateFrameworks/FaceCore.framework/Versions/A/FaceCore
0x00007fff352c3000 	/System/Library/Frameworks/OpenCL.framework/Versions/A/OpenCL
0x00007fff52746000 	/usr/lib/libcompression.dylib
0x00007fff2b2c2000 	/System/Library/Frameworks/ApplicationServices.framework/Versions/A/Frameworks/ATS.framework/Versions/A/Resources/libFontParser.dylib
0x00007fff2b3e5000 	/System/Library/Frameworks/ApplicationServices.framework/Versions/A/Frameworks/ATS.framework/Versions/A/Resources/libFontRegistry.dylib
0x00007fff2f85d000 	/System/Library/Frameworks/ImageIO.framework/Versions/A/Resources/libJPEG.dylib
0x00007fff2fb86000 	/System/Library/Frameworks/ImageIO.framework/Versions/A/Resources/libTIFF.dylib
0x00007fff2fb5c000 	/System/Library/Frameworks/ImageIO.framework/Versions/A/Resources/libPng.dylib
0x00007fff2f770000 	/System/Library/Frameworks/ImageIO.framework/Versions/A/Resources/libGIF.dylib
0x00007fff2f775000 	/System/Library/Frameworks/ImageIO.framework/Versions/A/Resources/libJP2.dylib
0x00007fff2fb83000 	/System/Library/Frameworks/ImageIO.framework/Versions/A/Resources/libRadiance.dylib
0x00007fff3cb43000 	/System/Library/PrivateFrameworks/AppleJPEG.framework/Versions/A/AppleJPEG
0x00007fff4818e000 	/System/Library/PrivateFrameworks/MetalTools.framework/Versions/A/MetalTools
0x00007fff31396000 	/System/Library/Frameworks/MetalPerformanceShaders.framework/Frameworks/MPSCore.framework/Versions/A/MPSCore
0x00007fff313ac000 	/System/Library/Frameworks/MetalPerformanceShaders.framework/Frameworks/MPSImage.framework/Versions/A/MPSImage
0x00007fff31418000 	/System/Library/Frameworks/MetalPerformanceShaders.framework/Frameworks/MPSMatrix.framework/Versions/A/MPSMatrix
0x00007fff3143c000 	/System/Library/Frameworks/MetalPerformanceShaders.framework/Frameworks/MPSNeuralNetwork.framework/Versions/A/MPSNeuralNetwork
0x00007fff36683000 	/System/Library/Frameworks/OpenGL.framework/Versions/A/Libraries/libGLU.dylib
0x00007fff364c5000 	/System/Library/Frameworks/OpenGL.framework/Versions/A/Libraries/libGFXShared.dylib
0x00007fff364ce000 	/System/Library/Frameworks/OpenGL.framework/Versions/A/Libraries/libGL.dylib
0x00007fff364da000 	/System/Library/Frameworks/OpenGL.framework/Versions/A/Libraries/libGLImage.dylib
0x00007fff364b8000 	/System/Library/Frameworks/OpenGL.framework/Versions/A/Libraries/libCVMSPluginSupport.dylib
0x00007fff364c0000 	/System/Library/Frameworks/OpenGL.framework/Versions/A/Libraries/libCoreVMClient.dylib
0x00007fff52ef3000 	/usr/lib/libcups.2.dylib
0x00007fff30962000 	/System/Library/Frameworks/Kerberos.framework/Versions/A/Kerberos
0x00007fff2f258000 	/System/Library/Frameworks/GSS.framework/Versions/A/GSS
0x00007fff53f40000 	/usr/lib/libresolv.9.dylib
0x00007fff530ef000 	/usr/lib/libiconv.2.dylib
0x00007fff4641d000 	/System/Library/PrivateFrameworks/Heimdal.framework/Versions/A/Heimdal
0x00007fff530be000 	/usr/lib/libheimdal-asn1.dylib
0x00007fff3532e000 	/System/Library/Frameworks/OpenDirectory.framework/Versions/A/OpenDirectory
0x00007fff3edf9000 	/System/Library/PrivateFrameworks/CommonAuth.framework/Versions/A/CommonAuth
0x00007fff35311000 	/System/Library/Frameworks/OpenDirectory.framework/Versions/A/Frameworks/CFOpenDirectory.framework/Versions/A/CFOpenDirectory
0x00007fff38c28000 	/System/Library/Frameworks/SecurityFoundation.framework/Versions/A/SecurityFoundation
0x00007fff3bd2f000 	/System/Library/PrivateFrameworks/APFS.framework/Versions/A/APFS
0x00007fff5434a000 	/usr/lib/libutil.dylib
0x00007fff3cbc6000 	/System/Library/PrivateFrameworks/AppleSauce.framework/Versions/A/AppleSauce
0x00007fff47525000 	/System/Library/PrivateFrameworks/LinguisticData.framework/Versions/A/LinguisticData
0x00007fff53471000 	/usr/lib/libmarisa.dylib
0x00007fff474df000 	/System/Library/PrivateFrameworks/Lexicon.framework/Versions/A/Lexicon
0x00007fff5207f000 	/usr/lib/libChineseTokenizer.dylib
0x00007fff52735000 	/usr/lib/libcmph.dylib
0x00007fff473e9000 	/System/Library/PrivateFrameworks/LanguageModeling.framework/Versions/A/LanguageModeling
0x00007fff3f80f000 	/System/Library/PrivateFrameworks/CoreEmoji.framework/Versions/A/CoreEmoji
0x00007fff38ce4000 	/System/Library/Frameworks/ServiceManagement.framework/Versions/A/ServiceManagement
0x00007fff3d3da000 	/System/Library/PrivateFrameworks/BackgroundTaskManagement.framework/Versions/A/BackgroundTaskManagement
0x00007fff54447000 	/usr/lib/libxslt.1.dylib
0x00007fff2c36a000 	/System/Library/Frameworks/Carbon.framework/Versions/A/Frameworks/Ink.framework/Versions/A/Ink
0x00007fff503b2000 	/System/Library/PrivateFrameworks/TextureIO.framework/Versions/A/TextureIO
0x00007fff5255b000 	/usr/lib/libate.dylib
0x00007fff40e83000 	/System/Library/PrivateFrameworks/CrashReporterSupport.framework/Versions/A/CrashReporterSupport
0x00007fff4d805000 	/System/Library/PrivateFrameworks/Sharing.framework/Versions/A/Sharing
0x00007fff4712f000 	/System/Library/PrivateFrameworks/IconServices.framework/Versions/A/IconServices
0x00007fff4bcc6000 	/System/Library/PrivateFrameworks/ProtocolBuffer.framework/Versions/A/ProtocolBuffer
0x00007fff3c9ce000 	/System/Library/PrivateFrameworks/Apple80211.framework/Versions/A/Apple80211
0x00007fff2e958000 	/System/Library/Frameworks/CoreWLAN.framework/Versions/A/CoreWLAN
0x00007fff40cbe000 	/System/Library/PrivateFrameworks/CoreUtils.framework/Versions/A/CoreUtils
0x00007fff2f39a000 	/System/Library/Frameworks/IOBluetooth.framework/Versions/A/IOBluetooth
0x00007fff40e1e000 	/System/Library/PrivateFrameworks/CoreWiFi.framework/Versions/A/CoreWiFi
0x00007fff2c8a1000 	/System/Library/Frameworks/CoreBluetooth.framework/Versions/A/CoreBluetooth
0x00007fff4d940000 	/System/Library/PrivateFrameworks/SignpostNotification.framework/Versions/A/SignpostNotification
0x00007fff4106f000 	/System/Library/PrivateFrameworks/DebugSymbols.framework/Versions/A/DebugSymbols
0x00007fff40a75000 	/System/Library/PrivateFrameworks/CoreSymbolication.framework/Versions/A/CoreSymbolication
0x00007fff4fc28000 	/System/Library/PrivateFrameworks/Symbolication.framework/Versions/A/Symbolication
0x00007fff3c9f8000 	/System/Library/PrivateFrameworks/AppleFSCompression.framework/Versions/A/AppleFSCompression
0x00007fff4f089000 	/System/Library/PrivateFrameworks/SpeechRecognitionCore.framework/Versions/A/SpeechRecognitionCore
0x0000000103fbf000 	/Library/Java/JavaVirtualMachines/jdk-9.0.1.jdk/Contents/Home/lib/server/libjvm.dylib
0x00007fff54241000 	/usr/lib/libstdc++.6.0.9.dylib
0x0000000104c61000 	/Library/Java/JavaVirtualMachines/jdk-9.0.1.jdk/Contents/Home/lib/libverify.dylib
0x0000000104c6e000 	/Library/Java/JavaVirtualMachines/jdk-9.0.1.jdk/Contents/Home/lib/libjava.dylib
0x0000000104ca4000 	/Library/Java/JavaVirtualMachines/jdk-9.0.1.jdk/Contents/Home/lib/libjdwp.dylib
0x0000000104d29000 	/Library/Java/JavaVirtualMachines/jdk-9.0.1.jdk/Contents/Home/lib/libzip.dylib
0x0000000104d31000 	/Library/Java/JavaVirtualMachines/jdk-9.0.1.jdk/Contents/Home/lib/libjimage.dylib
0x0000000104dbc000 	/Library/Java/JavaVirtualMachines/jdk-9.0.1.jdk/Contents/Home/lib/libnio.dylib
0x0000000104dcc000 	/Library/Java/JavaVirtualMachines/jdk-9.0.1.jdk/Contents/Home/lib/./libnet.dylib
0x0000000104de3000 	/Library/Java/JavaVirtualMachines/jdk-9.0.1.jdk/Contents/Home/lib/libdt_socket.dylib

VM Arguments:
jvm_args: -agentlib:jdwp=transport=dt_socket,address=127.0.0.1:54826,suspend=y,server=n -ea -Didea.test.cyclic.buffer.size=1048576 -Dfile.encoding=UTF-8 
java_command: com.intellij.rt.execution.junit.JUnitStarter -ideVersion5 -junit4 Test.TestMath_exhauxtivo.test_Math_exhauxtivo,test
java_class_path (initial): /Applications/IntelliJ IDEA.app/Contents/lib/idea_rt.jar:/Applications/IntelliJ IDEA.app/Contents/plugins/junit/lib/junit-rt.jar:/Applications/IntelliJ IDEA.app/Contents/plugins/junit/lib/junit5-rt.jar:/Users/cristhian/Documents/repos/MutationTesting/proyectosPIT/Math_v1/target/test-classes:/Users/cristhian/Documents/repos/MutationTesting/proyectosPIT/Math_v1/target/classes:/Users/cristhian/.m2/repository/junit/junit/4.12/junit-4.12.jar:/Users/cristhian/.m2/repository/org/hamcrest/hamcrest-core/1.3/hamcrest-core-1.3.jar:/Users/cristhian/.m2/repository/org/easytesting/fest-assert-core/2.0M10/fest-assert-core-2.0M10.jar:/Users/cristhian/.m2/repository/org/easytesting/fest-util/1.2.5/fest-util-1.2.5.jar:/Users/cristhian/.m2/repository/org/easytesting/fest-reflect/1.4/fest-reflect-1.4.jar
Launcher Type: SUN_STANDARD

Logging:
Log output configuration:
#0: stdout all=warning uptime,level,tags
#1: stderr all=off uptime,level,tags

Environment Variables:
PATH=/Library/Java/JavaVirtualMachines/jdk1.8.0_144.jdk/Contents/Home/bin:/Library/Java/JavaVirtualMachines/major/bin:/usr/local/bin:/usr/bin:/bin:/usr/sbin:/sbin:/Applications/VMware Fusion.app/Contents/Public
SHELL=/bin/bash

Signal Handlers:
SIGSEGV: [libjvm.dylib+0x73e2dc], sa_mask[0]=11111111011111110111111111111111, sa_flags=SA_ONSTACK|SA_RESTART|SA_SIGINFO
SIGBUS: [libjvm.dylib+0x73e2dc], sa_mask[0]=11111111011111110111111111111111, sa_flags=SA_RESTART|SA_SIGINFO
SIGFPE: [libjvm.dylib+0x73e2dc], sa_mask[0]=11111111011111110111111111111111, sa_flags=SA_RESTART|SA_SIGINFO
SIGPIPE: [libjvm.dylib+0x5f15ac], sa_mask[0]=11111111011111110111111111111111, sa_flags=SA_RESTART|SA_SIGINFO
SIGXFSZ: [libjvm.dylib+0x5f15ac], sa_mask[0]=11111111011111110111111111111111, sa_flags=SA_RESTART|SA_SIGINFO
SIGILL: [libjvm.dylib+0x73e2dc], sa_mask[0]=11111111011111110111111111111111, sa_flags=SA_RESTART|SA_SIGINFO
SIGUSR2: [libjvm.dylib+0x5f1e3c], sa_mask[0]=00100000000000000000000000000000, sa_flags=SA_RESTART|SA_SIGINFO
SIGHUP: [libjvm.dylib+0x5f0679], sa_mask[0]=11111111011111110111111111111111, sa_flags=SA_RESTART|SA_SIGINFO
SIGINT: [libjvm.dylib+0x5f0679], sa_mask[0]=11111111011111110111111111111111, sa_flags=SA_RESTART|SA_SIGINFO
SIGTERM: [libjvm.dylib+0x5f0679], sa_mask[0]=11111111011111110111111111111111, sa_flags=SA_RESTART|SA_SIGINFO
SIGQUIT: [libjvm.dylib+0x5f0679], sa_mask[0]=11111111011111110111111111111111, sa_flags=SA_RESTART|SA_SIGINFO


---------------  S Y S T E M  ---------------

OS:uname:Darwin 17.4.0 Darwin Kernel Version 17.4.0: Sun Dec 17 09:19:54 PST 2017; root:xnu-4570.41.2~1/RELEASE_X86_64 x86_64
rlimit: STACK 8192k, CORE 0k, NPROC 709, NOFILE 10240, AS infinity
load average:5.90 5.09 4.88

CPU:total 4 (initial active 4) (2 cores per cpu, 2 threads per core) family 6 model 142 stepping 9, cmov, cx8, fxsr, mmx, sse, sse2, sse3, ssse3, sse4.1, sse4.2, popcnt, avx, avx2, aes, clmul, erms, rtm, 3dnowpref, lzcnt, ht, tsc, tscinvbit, bmi1, bmi2, adx, fma

Memory: 4k page, physical 8388608k(192376k free)

vm_info: Java HotSpot(TM) 64-Bit Server VM (9.0.1+11) for bsd-amd64 JRE (9.0.1+11), built on Sep 28 2017 03:49:57 by "mach5one" with gcc 4.2.1 Compatible Apple LLVM 6.1.0 (clang-602.0.49)

END.
